<testsuite name="fi.mystes.aino.io.shell.ShellPluginTest" time="29" tests="3" errors="0" skipped="0" failures="1">

    <testcase name="testAinoLoggingFromShell" time="27"></testcase>
    
    <testcase name="testAinoResponse" time="28">
    <failure message="Wrong response from aino.io, expected to contain batchId" type="Assertion error"><![CDATA[
    Invalid API key
401]]></failure></testcase>
    <testcase name="testAinoResponseForInvalidRequest" time="29"></testcase>
    
</testsuite>
